2018-09-25 01:21:37,975 : INFO : Machine : Mission Pinball Framework Core Engine v0.50.15
2018-09-25 01:21:37,975 : INFO : Machine : Command line arguments: {'no_load_cache': False, 'create_config_cache': True, 'bcp': True, 'configfile': ['config.yaml'], 'mpfconfigfile': 'c:\\program files\\python36\\lib\\site-packages\\mpf\\mpfconfig.yaml', 'force_assets_load': False, 'logfile': 'logs\\2018-09-25-01-21-37-mpf-Blitzwing.log', 'pause': False, 'production': False, 'text_ui': True, 'loglevel': 10, 'consoleloglevel': 10, 'force_platform': None, 'syslog_address': None, 'mc_file_name': None}
2018-09-25 01:21:37,975 : INFO : Machine : MPF path: c:\program files\python36\lib\site-packages\mpf
2018-09-25 01:21:37,975 : INFO : Machine : Machine path: c:\pinball\machine_files\powerman
2018-09-25 01:21:37,975 : INFO : Machine : Platform: win32
2018-09-25 01:21:37,975 : INFO : Machine : Python executable location: c:\program files\python36\python.exe
2018-09-25 01:21:37,975 : INFO : Machine : Python version: 3.6.4 (64-bit)
2018-09-25 01:21:38,344 : INFO : Machine : Machine config file #1: config.yaml
2018-09-25 01:21:38,344 : INFO : ConfigProcessor : Loading config from cache: C:\Users\arsen\AppData\Local\Temp\6f80d79fba8d9e1499e064507f92ea30.mpf_cache
2018-09-25 01:21:38,344 : WARNING : ConfigProcessor : Config file in cache changed: c:\pinball\machine_files\powerman\config\graphics.yaml
2018-09-25 01:21:38,344 : INFO : ConfigProcessor : Loading config from file c:\program files\python36\lib\site-packages\mpf\mpfconfig.yaml.
2018-09-25 01:21:38,344 : DEBUG : YAML File Interface : Loading file: c:\program files\python36\lib\site-packages\mpf\mpfconfig.yaml
2018-09-25 01:21:38,426 : INFO : ConfigProcessor : Loading config: c:\program files\python36\lib\site-packages\mpf\mpfconfig.yaml
2018-09-25 01:21:38,426 : INFO : ConfigProcessor : Loading config from file c:\pinball\machine_files\powerman\config\config.yaml.
2018-09-25 01:21:38,426 : DEBUG : YAML File Interface : Loading file: c:\pinball\machine_files\powerman\config\config.yaml
2018-09-25 01:21:38,426 : INFO : ConfigProcessor : Loading config: c:\pinball\machine_files\powerman\config\config.yaml
2018-09-25 01:21:38,426 : DEBUG : YAML File Interface : Loading file: c:\pinball\machine_files\powerman\config\hardware.yaml
2018-09-25 01:21:38,442 : INFO : ConfigProcessor : Loading config: c:\pinball\machine_files\powerman\config\hardware.yaml
2018-09-25 01:21:38,442 : DEBUG : YAML File Interface : Loading file: c:\pinball\machine_files\powerman\config\keyboard.yaml
2018-09-25 01:21:38,442 : INFO : ConfigProcessor : Loading config: c:\pinball\machine_files\powerman\config\keyboard.yaml
2018-09-25 01:21:38,442 : DEBUG : YAML File Interface : Loading file: c:\pinball\machine_files\powerman\config\autofire_coils.yaml
2018-09-25 01:21:38,442 : INFO : ConfigProcessor : Loading config: c:\pinball\machine_files\powerman\config\autofire_coils.yaml
2018-09-25 01:21:38,442 : DEBUG : YAML File Interface : Loading file: c:\pinball\machine_files\powerman\config\flippers.yaml
2018-09-25 01:21:38,458 : INFO : ConfigProcessor : Loading config: c:\pinball\machine_files\powerman\config\flippers.yaml
2018-09-25 01:21:38,458 : DEBUG : YAML File Interface : Loading file: c:\pinball\machine_files\powerman\config\switches.yaml
2018-09-25 01:21:38,473 : INFO : ConfigProcessor : Loading config: c:\pinball\machine_files\powerman\config\switches.yaml
2018-09-25 01:21:38,473 : DEBUG : YAML File Interface : Loading file: c:\pinball\machine_files\powerman\config\lights.yaml
2018-09-25 01:21:38,489 : INFO : ConfigProcessor : Loading config: c:\pinball\machine_files\powerman\config\lights.yaml
2018-09-25 01:21:38,505 : DEBUG : YAML File Interface : Loading file: c:\pinball\machine_files\powerman\config\coils.yaml
2018-09-25 01:21:38,505 : INFO : ConfigProcessor : Loading config: c:\pinball\machine_files\powerman\config\coils.yaml
2018-09-25 01:21:38,505 : DEBUG : YAML File Interface : Loading file: c:\pinball\machine_files\powerman\config\ball_devices.yaml
2018-09-25 01:21:38,521 : INFO : ConfigProcessor : Loading config: c:\pinball\machine_files\powerman\config\ball_devices.yaml
2018-09-25 01:21:38,525 : DEBUG : YAML File Interface : Loading file: c:\pinball\machine_files\powerman\config\machine.yaml
2018-09-25 01:21:38,526 : INFO : ConfigProcessor : Loading config: c:\pinball\machine_files\powerman\config\machine.yaml
2018-09-25 01:21:38,526 : DEBUG : YAML File Interface : Loading file: c:\pinball\machine_files\powerman\config\modes.yaml
2018-09-25 01:21:38,526 : INFO : ConfigProcessor : Loading config: c:\pinball\machine_files\powerman\config\modes.yaml
2018-09-25 01:21:38,526 : DEBUG : YAML File Interface : Loading file: c:\pinball\machine_files\powerman\config\player_vars.yaml
2018-09-25 01:21:38,526 : INFO : ConfigProcessor : Loading config: c:\pinball\machine_files\powerman\config\player_vars.yaml
2018-09-25 01:21:38,526 : DEBUG : YAML File Interface : Loading file: c:\pinball\machine_files\powerman\config\playfields.yaml
2018-09-25 01:21:38,526 : INFO : ConfigProcessor : Loading config: c:\pinball\machine_files\powerman\config\playfields.yaml
2018-09-25 01:21:38,541 : DEBUG : YAML File Interface : Loading file: c:\pinball\machine_files\powerman\config\sequence_shots.yaml
2018-09-25 01:21:38,541 : DEBUG : YAML File Interface : Loading file: c:\pinball\machine_files\powerman\config\graphics.yaml
2018-09-25 01:21:38,557 : INFO : ConfigProcessor : Loading config: c:\pinball\machine_files\powerman\config\graphics.yaml
2018-09-25 01:21:38,557 : DEBUG : YAML File Interface : Loading file: c:\pinball\machine_files\powerman\config\sounds.yaml
2018-09-25 01:21:38,557 : INFO : ConfigProcessor : Loading config: c:\pinball\machine_files\powerman\config\sounds.yaml
2018-09-25 01:21:38,557 : DEBUG : YAML File Interface : Loading file: c:\pinball\machine_files\powerman\config\videos.yaml
2018-09-25 01:21:38,573 : INFO : ConfigProcessor : Loading config: c:\pinball\machine_files\powerman\config\videos.yaml
2018-09-25 01:21:38,573 : INFO : ConfigProcessor : Config file cache created: C:\Users\arsen\AppData\Local\Temp\6f80d79fba8d9e1499e064507f92ea30.mpf_cache
2018-09-25 01:21:38,573 : DEBUG : asyncio : Using selector: SelectSelector
2018-09-25 01:21:38,573 : INFO : Machine : Initialise MPF.
2018-09-25 01:21:38,588 : DEBUG : Smart Virtual Platform : Configuring smart_virtual hardware interface.
2018-09-25 01:21:38,785 : INFO : EventManager : Event: ======'machine_var_credits_string'====== Args={'value': 'FREE PLAY', 'prev_value': None, 'change': True}
2018-09-25 01:21:38,832 : DEBUG : YAML File Interface : Loading file: c:\pinball\machine_files\powerman\data/machine_vars.yaml
2018-09-25 01:21:38,832 : INFO : EventManager : Event: ======'machine_var_player1_score'====== Args={'value': 1807, 'prev_value': None, 'change': True}
2018-09-25 01:21:38,832 : INFO : EventManager : Event: ======'machine_var_mpf_version'====== Args={'value': 'MPF v0.50.15', 'prev_value': None, 'change': True}
2018-09-25 01:21:38,832 : INFO : EventManager : Event: ======'machine_var_mpf_extended_version'====== Args={'value': 'MPF v0.50.15, Config version:5, Show version: 5, BCP version:1.1', 'prev_value': None, 'change': True}
2018-09-25 01:21:38,832 : INFO : EventManager : Event: ======'machine_var_python_version'====== Args={'value': '3.6.4', 'prev_value': None, 'change': True}
2018-09-25 01:21:38,832 : INFO : EventManager : Event: ======'machine_var_platform'====== Args={'value': 'Windows-10-10.0.17134-SP0', 'prev_value': None, 'change': True}
2018-09-25 01:21:38,832 : INFO : EventManager : Event: ======'machine_var_platform_system'====== Args={'value': 'Windows', 'prev_value': None, 'change': True}
2018-09-25 01:21:38,832 : INFO : EventManager : Event: ======'machine_var_platform_release'====== Args={'value': '10', 'prev_value': None, 'change': True}
2018-09-25 01:21:38,832 : INFO : EventManager : Event: ======'machine_var_platform_version'====== Args={'value': '10.0.17134', 'prev_value': None, 'change': True}
2018-09-25 01:21:38,832 : INFO : EventManager : Event: ======'machine_var_platform_machine'====== Args={'value': 'AMD64', 'prev_value': None, 'change': True}
2018-09-25 01:21:38,832 : INFO : EventManager : Event: ======'init_phase_1'====== Args={}
2018-09-25 01:21:38,848 : INFO : ConfigProcessor : Loading config from cache: C:\Users\arsen\AppData\Local\Temp\48e7067592bb707e458961d912bffce3.mpf_cache
2018-09-25 01:21:38,868 : DEBUG : ModeController : Loaded mode base
2018-09-25 01:21:38,868 : INFO : ConfigProcessor : Loading config from cache: C:\Users\arsen\AppData\Local\Temp\718593283757a5acb35ce8ebc92cc839.mpf_cache
2018-09-25 01:21:38,884 : DEBUG : ModeController : Loaded mode Setlist
2018-09-25 01:21:38,884 : INFO : ConfigProcessor : Loading config from cache: C:\Users\arsen\AppData\Local\Temp\e5a35d9333ac02688f0ed8ba53b15bae.mpf_cache
2018-09-25 01:21:38,899 : DEBUG : ModeController : Loaded mode HEAVY_made
2018-09-25 01:21:38,899 : INFO : ConfigProcessor : Loading config from cache: C:\Users\arsen\AppData\Local\Temp\54694e03b13373b8401f811b4432451e.mpf_cache
2018-09-25 01:21:38,915 : DEBUG : ModeController : Loaded mode Super_Pops
2018-09-25 01:21:38,915 : INFO : ConfigProcessor : Loading config from cache: C:\Users\arsen\AppData\Local\Temp\ea56385d2ad68c586edc261f44c098fc.mpf_cache
2018-09-25 01:21:38,931 : DEBUG : ModeController : Loaded mode AMP_Bonus_X
2018-09-25 01:21:38,931 : INFO : ConfigProcessor : Loading config from cache: C:\Users\arsen\AppData\Local\Temp\51b64cb8787c40172d21f2f188c7907f.mpf_cache
2018-09-25 01:21:38,946 : DEBUG : ModeController : Loaded mode METAL_made
2018-09-25 01:21:38,946 : INFO : ConfigProcessor : Loading config from cache: C:\Users\arsen\AppData\Local\Temp\d808d2d72f296fd1aa34757ec3c2462e.mpf_cache
2018-09-25 01:21:38,962 : DEBUG : ModeController : Loaded mode attract
2018-09-25 01:21:38,962 : INFO : ConfigProcessor : Loading config from cache: C:\Users\arsen\AppData\Local\Temp\4f091f2ddd9a437f138738e40fa1ecc6.mpf_cache
2018-09-25 01:21:38,977 : DEBUG : ModeController : Loaded mode JAM_rollover
2018-09-25 01:21:38,978 : INFO : ConfigProcessor : Loading config from cache: C:\Users\arsen\AppData\Local\Temp\e57854b60972a679be7db3119525e55c.mpf_cache
2018-09-25 01:21:38,982 : DEBUG : ModeController : Loaded mode Light_Setlist_3s
2018-09-25 01:21:38,982 : INFO : ConfigProcessor : Loading config from cache: C:\Users\arsen\AppData\Local\Temp\db9251e73a24ccf2b0615ac6d59528fd.mpf_cache
2018-09-25 01:21:38,998 : DEBUG : ModeController : Loaded mode Light_Setlist
2018-09-25 01:21:38,998 : INFO : ConfigProcessor : Loading config from cache: C:\Users\arsen\AppData\Local\Temp\8e1a6a6e716428615d3205ffe45b9b4d.mpf_cache
2018-09-25 01:21:39,013 : DEBUG : ModeController : Loaded mode game
2018-09-25 01:21:39,029 : DEBUG : counter.lb_Right_Pop_count : Configuring device with settings: '{'count_events': {'R_Pop_hit': 0}, 'starting_count': <mpf.core.placeholder_manager.NativeTypeTemplate object at 0x00000246E08EF668>, 'count_complete_value': <mpf.core.placeholder_manager.NativeTypeTemplate object at 0x00000246E08EF518>, 'count_interval': 1, 'direction': 'down', 'persist_state': False, 'events_when_complete': ['Super_Pop_R_Ready'], 'debug': True, 'reset_on_complete': False, 'events_when_hit': ['counter_lb_Right_Pop_count_hit', 'logicblock_lb_Right_Pop_count_hit'], 'enable_events': {}, 'disable_events': {}, 'reset_events': {}, 'restart_events': {}, 'disable_on_complete': True, 'start_enabled': None, 'console_log': 'full', 'file_log': 'full', 'label': '%', 'tags': [], 'multiple_hit_window': 0}'
2018-09-25 01:21:39,029 : DEBUG : counter.lb_Left_Pop_count : Configuring device with settings: '{'count_events': {'L_Pop_hit': 0}, 'starting_count': <mpf.core.placeholder_manager.NativeTypeTemplate object at 0x00000246E08EF860>, 'count_complete_value': <mpf.core.placeholder_manager.NativeTypeTemplate object at 0x00000246E08EF160>, 'direction': 'down', 'count_interval': 1, 'persist_state': False, 'events_when_complete': ['Super_Pop_L_Ready'], 'debug': True, 'reset_on_complete': False, 'events_when_hit': ['counter_lb_Left_Pop_count_hit', 'logicblock_lb_Left_Pop_count_hit'], 'enable_events': {}, 'disable_events': {}, 'reset_events': {}, 'restart_events': {}, 'disable_on_complete': True, 'start_enabled': None, 'console_log': 'full', 'file_log': 'full', 'label': '%', 'tags': [], 'multiple_hit_window': 0}'
2018-09-25 01:21:39,029 : DEBUG : counter.lb_Mid_Pop_count : Configuring device with settings: '{'count_events': {'M_Pop_hit': 0}, 'starting_count': <mpf.core.placeholder_manager.NativeTypeTemplate object at 0x00000246E08EF8D0>, 'count_complete_value': <mpf.core.placeholder_manager.NativeTypeTemplate object at 0x00000246E08EF780>, 'direction': 'down', 'count_interval': 1, 'persist_state': False, 'events_when_complete': ['Super_Pop_M_Ready'], 'debug': True, 'reset_on_complete': False, 'events_when_hit': ['counter_lb_Mid_Pop_count_hit', 'logicblock_lb_Mid_Pop_count_hit'], 'enable_events': {}, 'disable_events': {}, 'reset_events': {}, 'restart_events': {}, 'disable_on_complete': True, 'start_enabled': None, 'console_log': 'full', 'file_log': 'full', 'label': '%', 'tags': [], 'multiple_hit_window': 0}'
2018-09-25 01:21:39,029 : DEBUG : accrual.lb_Super_Pops_Enable : Configuring device with settings: '{'events': ['Super_Pop_R_Ready', 'Super_Pop_M_Ready', 'Super_Pop_L_Ready'], 'events_when_complete': ['Super_Pops_Go'], 'persist_state': False, 'reset_on_complete': False, 'debug': True, 'events_when_hit': ['logicblock_lb_Super_Pops_Enable_hit'], 'enable_events': {}, 'disable_events': {}, 'reset_events': {}, 'restart_events': {}, 'disable_on_complete': True, 'start_enabled': None, 'console_log': 'full', 'file_log': 'full', 'label': '%', 'tags': []}'
2018-09-25 01:21:39,045 : INFO : EventManager : Event: ======'init_phase_2'====== Args={}
2018-09-25 01:21:39,045 : INFO : SwitchController : Found active switch: s_trough_5
2018-09-25 01:21:39,045 : INFO : SwitchController : Found active switch: s_trough_4
2018-09-25 01:21:39,045 : INFO : SwitchController : Found active switch: s_trough_3
2018-09-25 01:21:39,045 : INFO : SwitchController : Found active switch: s_trough_2
2018-09-25 01:21:39,045 : INFO : SwitchController : Found active switch: s_trough_1
2018-09-25 01:21:39,096 : INFO : EventManager : Event: ======'bcp_connection_attempt'====== Args={'name': 'local_display', 'host': 'localhost', 'port': 5050}
2018-09-25 01:21:39,096 : INFO : BCPClientSocket.local_display : Connecting BCP to 'local_display' at localhost:5050...
